[2021-02-04 21:18:34] New deadchest for [nafanya] in world_nether at X:-98 Y:82 Z:-104
[2021-02-04 21:18:34] Deadchest of [nafanya] was protected from explosion in world_nether
[2021-02-04 21:19:03] Deadchest of [nafanya] was taken by [LionZXY] in world_nether
[2021-02-06 14:04:57] New deadchest for [xammi1] in world at X:556 Y:55 Z:526
[2021-02-06 14:10:32] Deadchest of [xammi1] was protected from explosion in world
[2021-02-06 14:10:36] Deadchest of [xammi1] was taken by [xammi1] in world
[2021-02-13 18:58:34] New deadchest for [xammi1] in world at X:-499 Y:80 Z:340
[2021-02-13 18:59:46] Deadchest of [xammi1] was taken by [xammi1] in world
[2021-02-13 19:32:10] New deadchest for [xammi1] in world at X:-29 Y:72 Z:574
[2021-02-13 19:38:08] Deadchest of [xammi1] has expired in world
[2021-02-13 19:39:35] New deadchest for [xammi1] in world at X:-243 Y:43 Z:499
[2021-02-13 23:28:01] Deadchest of [xammi1] has expired in world
[2021-02-14 00:02:20] New deadchest for [xammi1] in world at X:-641 Y:88 Z:278
[2021-02-14 00:05:34] Deadchest of [xammi1] was taken by [xammi1] in world
[2021-02-14 13:58:45] New deadchest for [xammi1] in world at X:-310 Y:70 Z:305
[2021-02-14 13:59:08] Deadchest of [xammi1] was taken by [xammi1] in world
[2021-02-14 14:12:19] New deadchest for [xammi1] in world at X:-371 Y:34 Z:294
[2021-02-14 14:12:33] Deadchest of [xammi1] was taken by [xammi1] in world
[2021-02-14 14:27:19] New deadchest for [xammi1] in world at X:-377 Y:14 Z:275
[2021-02-14 14:27:45] Deadchest of [xammi1] was taken by [xammi1] in world
[2021-02-14 20:41:14] New deadchest for [xammi1] in world_nether at X:-120 Y:49 Z:38
[2021-02-14 20:44:33] Player [xammi1] died without inventory : No Deadchest generated
[2021-02-14 20:46:01] Deadchest of [xammi1] was taken by [xammi1] in world_nether
[2021-02-14 20:48:09] New deadchest for [xammi1] in world_nether at X:-150 Y:51 Z:48
[2021-02-14 20:50:00] Deadchest of [xammi1] was taken by [xammi1] in world_nether
[2021-02-14 20:51:34] New deadchest for [xammi1] in world_nether at X:-202 Y:36 Z:51
[2021-02-14 20:53:36] Deadchest of [xammi1] was taken by [xammi1] in world_nether
[2021-02-14 20:57:31] New deadchest for [xammi1] in world at X:-381 Y:62 Z:340
[2021-02-14 20:58:11] Deadchest of [xammi1] was taken by [xammi1] in world
[2021-02-14 20:58:51] New deadchest for [xammi1] in world at X:-313 Y:65 Z:318
[2021-02-14 20:59:06] Deadchest of [xammi1] was taken by [xammi1] in world
[2021-02-16 10:08:40] New deadchest for [xdx505] in world at X:-139 Y:74 Z:-45
[2021-02-16 10:09:02] Deadchest of [xdx505] was taken by [xdx505] in world
[2021-02-16 16:38:18] New deadchest for [xdx505] in world at X:-140 Y:74 Z:-43
[2021-02-16 16:38:40] Deadchest of [xdx505] was taken by [xdx505] in world
[2021-02-19 12:10:28] New deadchest for [Andruska] in world at X:-95 Y:72 Z:-47
[2021-02-19 12:11:08] Deadchest of [Andruska] was taken by [Andruska] in world
[2021-02-19 12:18:11] New deadchest for [Andruska] in world at X:245 Y:64 Z:-355
[2021-02-19 12:19:03] Deadchest of [Andruska] was taken by [Andruska] in world
[2021-02-19 12:34:45] New deadchest for [Andruska] in world at X:899 Y:66 Z:-1291
[2021-02-19 12:35:17] Deadchest of [Andruska] was taken by [Andruska] in world
[2021-02-19 18:34:34] New deadchest for [Andruska] in world at X:1973 Y:50 Z:-2253
[2021-02-19 18:35:28] New deadchest for [Andruska] in world at X:1971 Y:50 Z:-2254
[2021-02-19 18:36:36] Deadchest of [Andruska] was taken by [Andruska] in world
[2021-02-19 18:36:42] Deadchest of [Andruska] was taken by [Andruska] in world
[2021-02-19 18:57:11] New deadchest for [Andruska] in world at X:1974 Y:50 Z:-2250
[2021-02-19 18:57:24] Deadchest of [Andruska] was taken by [Andruska] in world
[2021-02-19 19:07:02] New deadchest for [Andruska] in world at X:2022 Y:25 Z:-2241
[2021-02-19 19:11:34] Deadchest of [Andruska] was taken by [Andruska] in world
[2021-02-19 19:33:46] New deadchest for [Andruska] in world at X:1954 Y:10 Z:-2288
[2021-02-19 19:38:47] Deadchest of [Andruska] has expired in world
[2021-02-19 21:16:08] New deadchest for [Andruska] in world at X:1982 Y:14 Z:-2245
[2021-02-19 21:17:00] Deadchest of [Andruska] was taken by [Andruska] in world
[2021-02-19 21:17:00] New deadchest for [Andruska] in world at X:1982 Y:13 Z:-2246
[2021-02-19 21:17:31] Deadchest of [Andruska] was taken by [Andruska] in world
[2021-02-19 21:52:17] New deadchest for [Andruska] in world at X:1384 Y:64 Z:-351
[2021-02-19 21:52:17] Deadchest of [Andruska] was protected from explosion in world
[2021-02-19 21:58:55] New deadchest for [Andruska] in world at X:1968 Y:91 Z:-2249
[2021-02-19 21:59:01] Deadchest of [Andruska] was taken by [Andruska] in world
[2021-02-19 21:59:04] New deadchest for [Andruska] in world at X:1976 Y:90 Z:-2246
[2021-02-19 21:59:11] Deadchest of [Andruska] was taken by [Andruska] in world
[2021-02-19 22:07:35] New deadchest for [3kybika] in world at X:2001 Y:37 Z:-2190
[2021-02-19 22:08:48] Deadchest of [3kybika] was taken by [3kybika] in world
[2021-02-19 22:17:39] New deadchest for [3kybika] in world at X:1905 Y:16 Z:-2113
[2021-02-19 22:20:12] Deadchest of [3kybika] was taken by [3kybika] in world
[2021-02-19 23:07:27] New deadchest for [BrainDestroyer] in world at X:1969 Y:93 Z:-2263
[2021-02-19 23:07:37] Deadchest of [BrainDestroyer] was taken by [BrainDestroyer] in world
[2021-02-21 13:54:19] New deadchest for [Andruska] in world at X:1973 Y:14 Z:-2266
[2021-02-21 13:55:29] Deadchest of [Andruska] was taken by [Andruska] in world
[2021-02-21 13:58:04] New deadchest for [Andruska] in world at X:2009 Y:20 Z:-2249
[2021-02-21 13:59:21] New deadchest for [Andruska] in world at X:2014 Y:23 Z:-2249
[2021-02-21 14:00:10] Deadchest of [Andruska] was taken by [Andruska] in world
[2021-02-21 14:00:31] Deadchest of [Andruska] was taken by [Andruska] in world
[2021-02-21 14:01:02] New deadchest for [Andruska] in world at X:2013 Y:21 Z:-2249
[2021-02-21 14:02:16] Deadchest of [Andruska] was taken by [Andruska] in world
[2021-02-21 14:09:43] New deadchest for [BrainDestroyer] in world at X:1971 Y:16 Z:-2270
[2021-02-21 14:10:42] Deadchest of [BrainDestroyer] was taken by [BrainDestroyer] in world
[2021-02-21 14:33:35] New deadchest for [Andruska] in world at X:1973 Y:84 Z:-2257
[2021-02-21 14:33:48] Deadchest of [Andruska] was taken by [Andruska] in world
[2021-02-21 14:37:45] New deadchest for [Andruska] in world at X:1973 Y:49 Z:-2252
[2021-02-21 14:37:58] Deadchest of [Andruska] was taken by [Andruska] in world
[2021-02-21 15:02:26] New deadchest for [Andruska] in world at X:1956 Y:90 Z:-2234
[2021-02-21 15:02:57] Deadchest of [Andruska] was taken by [Andruska] in world
[2021-02-21 15:13:26] Deadchest of [Andruska] has expired in world
[2021-02-21 15:28:27] New deadchest for [xammi1] in world at X:-279 Y:64 Z:284
[2021-02-21 15:28:42] Deadchest of [xammi1] was taken by [xammi1] in world
[2021-02-21 15:40:24] New deadchest for [xammiSibir] in world at X:-289 Y:66 Z:305
[2021-02-21 15:40:36] Deadchest of [xammiSibir] was taken by [xammiSibir] in world
[2021-02-21 15:49:41] New deadchest for [xammiSibir] in world at X:-626 Y:124 Z:415
[2021-02-21 15:52:23] Deadchest of [xammiSibir] was taken by [xammiSibir] in world
[2021-02-21 20:52:38] New deadchest for [Andruska] in world_nether at X:114 Y:61 Z:-261
[2021-02-21 20:54:01] New deadchest for [Andruska] in world_nether at X:162 Y:57 Z:-285
[2021-02-21 20:56:30] Deadchest of [Andruska] was taken by [Andruska] in world_nether
[2021-02-21 20:57:33] Deadchest of [Andruska] was taken by [Andruska] in world_nether
[2021-02-21 20:57:42] New deadchest for [Andruska] in world_nether at X:113 Y:60 Z:-266
[2021-02-21 21:01:08] Deadchest of [Andruska] was taken by [Andruska] in world_nether
[2021-02-21 21:01:46] New deadchest for [Andruska] in world_nether at X:113 Y:60 Z:-291
[2021-02-21 21:03:36] Deadchest of [Andruska] was taken by [Andruska] in world_nether
[2021-02-23 11:54:11] New deadchest for [xammiSibir] in world at X:-268 Y:62 Z:292
[2021-02-23 11:54:23] Deadchest of [xammiSibir] was taken by [xammiSibir] in world
[2021-02-23 14:06:45] New deadchest for [xammiSibir] in world at X:-253 Y:66 Z:267
[2021-02-23 14:07:10] Deadchest of [xammiSibir] was taken by [xammiSibir] in world
[2021-02-23 14:27:28] New deadchest for [xammiSibir] in world at X:-280 Y:64 Z:291
[2021-02-23 14:32:29] Deadchest of [xammiSibir] has expired in world
[2021-02-23 21:53:13] New deadchest for [BrainDestroyer] in world at X:2006 Y:98 Z:-2280
[2021-02-23 21:53:50] Deadchest of [BrainDestroyer] was taken by [BrainDestroyer] in world
[2021-02-24 18:36:34] New deadchest for [BrainDestroyer] in world_nether at X:404 Y:49 Z:-262
[2021-02-24 18:39:33] Deadchest of [BrainDestroyer] was taken by [BrainDestroyer] in world_nether
[2021-02-25 10:28:25] New deadchest for [xammiSibir] in world at X:-568 Y:18 Z:803
[2021-02-25 10:34:18] Deadchest of [xammiSibir] has expired in world
[2021-02-25 10:42:31] New deadchest for [xammiSibir] in world at X:-528 Y:70 Z:736
[2021-02-25 10:43:36] Player [xammiSibir] died without inventory : No Deadchest generated
[2021-02-27 09:51:33] New deadchest for [BrainDestroyer] in world at X:2073 Y:51 Z:-1462
[2021-02-27 09:51:33] Deadchest of [BrainDestroyer] was protected from explosion in world
[2021-02-27 09:53:43] Deadchest of [BrainDestroyer] was protected from explosion in world
[2021-02-27 09:54:25] New deadchest for [BrainDestroyer] in world at X:2075 Y:48 Z:-1463
[2021-02-27 09:56:37] Deadchest of [BrainDestroyer] has expired in world
[2021-02-27 09:58:06] Deadchest of [BrainDestroyer] was taken by [BrainDestroyer] in world
[2021-02-27 10:00:43] New deadchest for [BrainDestroyer] in world at X:1973 Y:84 Z:-2259
[2021-02-27 10:01:06] New deadchest for [BrainDestroyer] in world at X:1977 Y:84 Z:-2258
[2021-02-27 10:01:14] Deadchest of [BrainDestroyer] was taken by [BrainDestroyer] in world
[2021-02-27 10:01:15] Deadchest of [BrainDestroyer] was taken by [BrainDestroyer] in world
[2021-02-27 10:31:37] New deadchest for [xammiSibir] in world at X:349 Y:18 Z:-186
[2021-02-27 10:32:36] Deadchest of [xammiSibir] was taken by [xammiSibir] in world
[2021-02-27 16:27:18] New deadchest for [xammiSibir] in world at X:-225 Y:43 Z:277
[2021-02-27 16:28:56] Deadchest of [xammiSibir] was taken by [xammiSibir] in world
[2021-02-27 17:01:58] New deadchest for [xammi1] in world at X:-276 Y:18 Z:250
[2021-02-27 17:02:43] Deadchest of [xammi1] was taken by [xammi1] in world
[2021-02-27 17:26:16] New deadchest for [xammi1] in world at X:-34 Y:94 Z:424
[2021-02-27 17:27:06] New deadchest for [xammiSibir] in world at X:-32 Y:98 Z:426
[2021-02-27 17:27:45] Deadchest of [xammi1] was taken by [xammi1] in world
[2021-02-27 17:28:54] Deadchest of [xammiSibir] was taken by [xammiSibir] in world
[2021-02-27 18:04:31] New deadchest for [xammiSibir] in world at X:1192 Y:63 Z:-591
[2021-02-27 18:09:32] Deadchest of [xammiSibir] has expired in world
[2021-02-27 18:30:50] New deadchest for [xammi1] in world at X:1187 Y:58 Z:-587
[2021-02-27 18:35:51] Deadchest of [xammi1] has expired in world
[2021-02-27 18:44:29] New deadchest for [xammi1] in world at X:1183 Y:47 Z:-593
[2021-02-27 18:44:38] Deadchest of [xammi1] was taken by [xammi1] in world
[2021-02-27 18:45:00] New deadchest for [xammi1] in world at X:1187 Y:48 Z:-591
[2021-02-27 18:45:10] Deadchest of [xammi1] was taken by [xammi1] in world
[2021-02-27 18:45:33] New deadchest for [xammi1] in world at X:1188 Y:48 Z:-590
[2021-02-27 18:45:46] Deadchest of [xammi1] was taken by [xammi1] in world
[2021-02-27 18:50:06] New deadchest for [xammi1] in world at X:1190 Y:63 Z:-592
[2021-02-27 18:50:43] Player [xammi1] died without inventory : No Deadchest generated
[2021-02-27 18:51:16] Player [xammi1] died without inventory : No Deadchest generated
[2021-02-27 18:51:50] Player [xammi1] died without inventory : No Deadchest generated
[2021-02-27 18:52:05] Deadchest of [xammi1] was taken by [xammi1] in world
[2021-02-27 18:52:46] New deadchest for [xammi1] in world at X:1185 Y:54 Z:-591
[2021-02-27 18:52:58] Deadchest of [xammi1] was taken by [xammi1] in world
[2021-02-27 18:53:20] New deadchest for [xammi1] in world at X:1186 Y:55 Z:-591
[2021-02-27 18:53:30] Deadchest of [xammi1] was taken by [xammi1] in world
[2021-02-27 18:55:20] New deadchest for [xammi1] in world at X:1186 Y:49 Z:-591
[2021-02-27 18:55:28] Deadchest of [xammi1] was taken by [xammi1] in world
[2021-02-27 18:57:47] New deadchest for [xammiSibir] in world at X:1188 Y:48 Z:-595
[2021-02-27 18:58:21] Deadchest of [xammiSibir] was taken by [xammiSibir] in world
[2021-02-27 18:58:58] New deadchest for [xammi1] in world at X:1191 Y:63 Z:-595
[2021-02-27 18:59:26] Deadchest of [xammi1] was taken by [xammi1] in world
[2021-02-27 19:01:47] New deadchest for [xammi1] in world at X:1189 Y:47 Z:-595
[2021-02-27 19:02:00] Deadchest of [xammi1] was taken by [xammi1] in world
[2021-02-27 19:02:22] New deadchest for [xammi1] in world at X:1191 Y:63 Z:-595
[2021-02-27 19:02:27] Deadchest of [xammi1] was taken by [xammi1] in world
[2021-02-27 19:03:44] New deadchest for [xammi1] in world at X:1192 Y:45 Z:-594
[2021-02-27 19:03:55] Deadchest of [xammi1] was taken by [xammi1] in world
[2021-02-27 19:07:26] New deadchest for [xammi1] in world at X:1189 Y:47 Z:-594
[2021-02-27 19:07:37] New deadchest for [xammiSibir] in world at X:1189 Y:46 Z:-593
[2021-02-27 19:07:37] Deadchest of [xammi1] was taken by [xammi1] in world
[2021-02-27 19:07:47] Deadchest of [xammiSibir] was taken by [xammiSibir] in world
[2021-02-27 19:10:20] New deadchest for [xammi1] in world at X:1190 Y:45 Z:-594
[2021-02-27 19:10:30] Deadchest of [xammi1] was taken by [xammi1] in world
[2021-02-27 19:11:02] New deadchest for [Andruska] in world_nether at X:224 Y:77 Z:-223
[2021-02-27 19:13:00] Deadchest of [Andruska] was taken by [Andruska] in world_nether
[2021-02-27 19:14:31] New deadchest for [xammi1] in world at X:1184 Y:45 Z:-594
[2021-02-27 19:14:53] Deadchest of [xammi1] was taken by [xammi1] in world
[2021-02-27 19:16:57] New deadchest for [xammi1] in world at X:1183 Y:45 Z:-594
[2021-02-27 19:17:10] Deadchest of [xammi1] was taken by [xammi1] in world
[2021-02-27 19:18:56] New deadchest for [xammi1] in world at X:1182 Y:45 Z:-594
[2021-02-27 19:19:19] Deadchest of [xammi1] was taken by [xammi1] in world
[2021-02-27 19:19:36] Player [xammiSibir] died without inventory : No Deadchest generated
[2021-02-27 19:28:42] New deadchest for [xammi1] in world at X:326 Y:69 Z:-534
[2021-02-27 19:32:55] Deadchest of [xammi1] was taken by [xammi1] in world
[2021-02-27 19:55:52] New deadchest for [BrainDestroyer] in world_the_end at X:-29 Y:61 Z:-37
[2021-02-27 20:00:52] Deadchest of [BrainDestroyer] has expired in world_the_end
[2021-02-28 07:59:22] New deadchest for [BrainDestroyer] in world at X:-92 Y:43 Z:-1580
[2021-02-28 09:22:23] New deadchest for [xammiSibir] in world at X:616 Y:60 Z:50
[2021-02-28 10:05:04] Deadchest of [BrainDestroyer] has expired in world
[2021-02-28 10:15:35] New deadchest for [BrainDestroyer] in world_the_end at X:30 Y:45 Z:-88
[2021-02-28 10:20:36] Deadchest of [BrainDestroyer] has expired in world_the_end
[2021-03-01 16:21:20] Deadchest of [xammiSibir] has expired in world
[2021-03-03 18:29:49] New deadchest for [Andruska] in world at X:1964 Y:90 Z:-2273
[2021-03-03 18:30:28] Deadchest of [Andruska] was taken by [Andruska] in world
[2021-03-03 19:42:21] Deadchest of [xammiSibir] has expired in world
[2021-03-03 19:46:04] New deadchest for [Sarafa2n] in world at X:-407 Y:83 Z:818
[2021-03-03 19:50:22] New deadchest for [BrainDestroyer] in world at X:1884 Y:74 Z:-2143
[2021-03-03 19:51:01] Deadchest of [BrainDestroyer] was taken by [BrainDestroyer] in world
[2021-03-04 17:55:18] New deadchest for [Andruska] in world at X:1983 Y:89 Z:-2264
[2021-03-04 17:55:29] Deadchest of [Andruska] was taken by [Andruska] in world
[2021-03-05 17:08:04] New deadchest for [xammiSibir] in world at X:-256 Y:64 Z:270
[2021-03-05 17:08:20] Deadchest of [xammiSibir] was taken by [xammiSibir] in world
[2021-03-13 14:08:12] New deadchest for [xammi1] in world at X:-88 Y:79 Z:-790
[2021-03-13 14:13:13] Deadchest of [xammi1] has expired in world
[2021-03-13 14:59:39] Deadchest of [Sarafa2n] has expired in world
[2021-03-13 15:00:51] New deadchest for [xammi1] in world at X:1185 Y:67 Z:1647
[2021-03-13 15:08:09] Player [xammi1] died without inventory : No Deadchest generated
[2021-03-13 16:06:50] New deadchest for [xammi1] in world at X:-398 Y:19 Z:193
[2021-03-13 16:08:00] Deadchest of [xammi1] was taken by [xammi1] in world
[2021-03-13 18:44:16] Deadchest of [xammi1] has expired in world
[2021-03-14 11:41:22] New deadchest for [xammiSibir] in world at X:-869 Y:59 Z:-210
[2021-03-14 11:41:41] Deadchest of [xammiSibir] was taken by [xammiSibir] in world
[2021-03-14 18:48:14] New deadchest for [xammi1] in world at X:-288 Y:66 Z:289
[2021-03-14 18:48:29] Deadchest of [xammi1] was taken by [xammi1] in world
[2021-03-14 19:46:54] New deadchest for [xammi1] in world at X:-286 Y:66 Z:286
[2021-03-14 19:47:05] Deadchest of [xammi1] was taken by [xammi1] in world
[2021-03-14 20:23:03] New deadchest for [xammi1] in world at X:-308 Y:70 Z:236
[2021-03-14 20:23:44] Deadchest of [xammi1] was taken by [xammi1] in world
[2021-03-18 16:10:12] New deadchest for [xammiSibir] in world at X:-231 Y:63 Z:228
[2021-03-18 16:10:32] Deadchest of [xammiSibir] was taken by [xammiSibir] in world
[2021-04-03 11:37:28] New deadchest for [shaman007] in world_nether at X:-39 Y:78 Z:-37
[2021-04-03 11:42:29] Deadchest of [shaman007] has expired in world_nether
